Tinker/tinker-sample-android/app/proguard-rules.pro
# Add project specific ProGuard rules here.
# By default, the flags in this file are appended to flags specified
# in /Users/zhangshaowen/Library/Android/sdk/tools/proguard/proguard-android.txt
# You can edit the include path and order by changing the proguardFiles
# directive in build.gradle.
#
# For more details, see
#   http://developer.android.com/guide/developing/tools/proguard.html

# Add any project specific keep options here:

# If your project uses WebView with JS, uncomment the following
# and specify the fully qualified class name to the JavaScript interface
# class:
#-keepclassmembers class fqcn.of.javascript.interface.for.webview {
#   public *;
#}
-keepattributes SourceFile,LineNumberTable

-dontwarn com.google.**

-dontwarn com.android.**


# ***************** Tinker 混淆

-keepattributes *Annotation*
-dontwarn com.tencent.tinker.anno.AnnotationProcessor
-keep @com.tencent.tinker.anno.DefaultLifeCycle public class *
-keep public class * extends android.app.Application {
    *;
}

-keep public class com.tencent.tinker.loader.app.ApplicationLifeCycle {
    *;
}
-keep public class * implements com.tencent.tinker.loader.app.ApplicationLifeCycle {
    *;
}

-keep public class com.tencent.tinker.loader.TinkerLoader {
    *;
}
-keep public class * extends com.tencent.tinker.loader.TinkerLoader {
    *;
}

-keep public class com.tencent.tinker.loader.TinkerTestDexLoad {
    *;
}

-keep public class com.tencent.tinker.loader.TinkerTestAndroidNClassLoader {
    *;
}

#for command line version, we must keep all the loader class to avoid proguard mapping conflict
#your dex.loader pattern here
-keep public class com.tencent.tinker.loader.** {
    *;
}
#注意 AndroidManifest.xml中的applicaion
-keep class tinker.sample.android.app.SampleApplication


# ***************** Tinker patch包
# 打替换apk包的时候需要
-applymapping mapping.txt