Tinker/tinker-sample-android/app/mapping.txt
tinker.sample.android.Log.MyLogImp -> tinker.sample.android.a.a:
    int level -> a
    26:26:void <init>() -> <init>
    57:61:void i(java.lang.String,java.lang.String,java.lang.Object[]) -> a
    65:69:void w(java.lang.String,java.lang.String,java.lang.Object[]) -> b
    81:85:void e(java.lang.String,java.lang.String,java.lang.Object[]) -> c
    89:95:void printErrStackTrace(java.lang.String,java.lang.Throwable,java.lang.String,java.lang.Object[]) -> a
    35:35:void <clinit>() -> <clinit>
tinker.sample.android.app.BaseBuildInfo -> tinker.sample.android.app.a:
    java.lang.String TEST_MESSAGE -> a
    java.lang.String BASE_TINKER_ID -> b
    26:27:void <clinit>() -> <clinit>
tinker.sample.android.app.BuildInfo -> tinker.sample.android.app.b:
    boolean DEBUG -> a
    java.lang.String VERSION_NAME -> b
    int VERSION_CODE -> c
    java.lang.String MESSAGE -> d
    java.lang.String TINKER_ID -> e
    java.lang.String PLATFORM -> f
    29:35:void <clinit>() -> <clinit>
tinker.sample.android.app.MainActivity -> tinker.sample.android.app.MainActivity:
    43:43:void <init>() -> <init>
    48:109:void onCreate(android.os.Bundle) -> onCreate
    113:150:boolean showInfo(android.content.Context) -> a
    155:161:void onResume() -> onResume
    165:167:void onPause() -> onPause
tinker.sample.android.app.MainActivity$1 -> tinker.sample.android.app.MainActivity$1:
    tinker.sample.android.app.MainActivity this$0 -> a
    57:57:void <init>(tinker.sample.android.app.MainActivity) -> <init>
    60:61:void onClick(android.view.View) -> onClick
tinker.sample.android.app.MainActivity$2 -> tinker.sample.android.app.MainActivity$2:
    tinker.sample.android.app.MainActivity this$0 -> a
    66:66:void <init>(tinker.sample.android.app.MainActivity) -> <init>
    70:79:void onClick(android.view.View) -> onClick
tinker.sample.android.app.MainActivity$3 -> tinker.sample.android.app.MainActivity$3:
    tinker.sample.android.app.MainActivity this$0 -> a
    84:84:void <init>(tinker.sample.android.app.MainActivity) -> <init>
    87:88:void onClick(android.view.View) -> onClick
tinker.sample.android.app.MainActivity$4 -> tinker.sample.android.app.MainActivity$4:
    tinker.sample.android.app.MainActivity this$0 -> a
    93:93:void <init>(tinker.sample.android.app.MainActivity) -> <init>
    96:98:void onClick(android.view.View) -> onClick
tinker.sample.android.app.MainActivity$5 -> tinker.sample.android.app.MainActivity$5:
    tinker.sample.android.app.MainActivity this$0 -> a
    103:103:void <init>(tinker.sample.android.app.MainActivity) -> <init>
    106:107:void onClick(android.view.View) -> onClick
tinker.sample.android.app.SampleApplication -> tinker.sample.android.app.SampleApplication:
    13:14:void <init>() -> <init>
tinker.sample.android.app.SampleApplicationLike -> tinker.sample.android.app.SampleApplicationLike:
    java.lang.String TAG -> TAG
    70:71:void <init>(android.app.Application,int,boolean,long,long,android.content.Intent) -> <init>
    82:101:void onBaseContextAttached(android.content.Context) -> onBaseContextAttached
    105:106:void registerActivityLifecycleCallbacks(android.app.Application$ActivityLifecycleCallbacks) -> registerActivityLifecycleCallbacks
tinker.sample.android.crash.SampleUncaughtExceptionHandler -> tinker.sample.android.b.a:
    java.lang.Thread$UncaughtExceptionHandler ueh -> a
    49:51:void <init>() -> <init>
    55:59:void uncaughtException(java.lang.Thread,java.lang.Throwable) -> uncaughtException
    68:109:void tinkerPreVerifiedCrashHandler(java.lang.Throwable) -> a
    115:145:boolean tinkerFastCrashProtect() -> a
...
android.support.v4.internal.view.SupportMenu -> android.support.v4.c.a.a:
android.support.v4.internal.view.SupportMenuItem -> android.support.v4.c.a.b:
    void setShowAsAction(int) -> setShowAsAction
    android.view.MenuItem setShowAsActionFlags(int) -> setShowAsActionFlags
    android.view.MenuItem setActionView(android.view.View) -> setActionView
    android.view.MenuItem setActionView(int) -> setActionView
    android.view.View getActionView() -> getActionView
    android.support.v4.internal.view.SupportMenuItem setSupportActionProvider(android.support.v4.view.ActionProvider) -> a
    android.support.v4.view.ActionProvider getSupportActionProvider() -> a
    boolean expandActionView() -> expandActionView
    boolean collapseActionView() -> collapseActionView
    boolean isActionViewExpanded() -> isActionViewExpanded
    android.support.v4.internal.view.SupportMenuItem setSupportOnActionExpandListener(android.support.v4.view.MenuItemCompat$OnActionExpandListener) -> a
android.support.v4.internal.view.SupportSubMenu -> android.support.v4.c.a.c:
android.support.v4.os.AsyncTaskCompat -> android.support.v4.d.a:
    39:51:android.os.AsyncTask executeParallel(android.os.AsyncTask,java.lang.Object[]) -> a
android.support.v4.os.AsyncTaskCompatHoneycomb -> android.support.v4.d.b:
    29:30:void executeParallel(android.os.AsyncTask,java.lang.Object[]) -> a
android.support.v4.text.ICUCompat -> android.support.v4.e.a:
    android.support.v4.text.ICUCompat$ICUCompatImpl IMPL -> a
    87:87:java.lang.String maximizeAndGetScript(java.util.Locale) -> a
    53:61:void <clinit>() -> <clinit>
android.support.v4.text.ICUCompat$ICUCompatImpl -> android.support.v4.e.a$a:
    java.lang.String maximizeAndGetScript(java.util.Locale) -> a
android.support.v4.text.ICUCompat$ICUCompatImplBase -> android.support.v4.e.a$b:
    29:29:void <init>() -> <init>
    32:32:java.lang.String maximizeAndGetScript(java.util.Locale) -> a
android.support.v4.text.ICUCompat$ICUCompatImplIcs -> android.support.v4.e.a$c:
    36:36:void <init>() -> <init>
    39:39:java.lang.String maximizeAndGetScript(java.util.Locale) -> a
android.support.v4.text.ICUCompat$ICUCompatImplLollipop -> android.support.v4.e.a$d:
    43:43:void <init>() -> <init>
    46:46:java.lang.String maximizeAndGetScript(java.util.Locale) -> a
android.support.v4.text.ICUCompatApi23 -> android.support.v4.e.b:
    java.lang.reflect.Method sAddLikelySubtagsMethod -> a
    45:53:java.lang.String maximizeAndGetScript(java.util.Locale) -> a
    34:40:void <clinit>() -> <clinit>
android.support.v4.text.ICUCompatIcs -> android.support.v4.e.c:
    java.lang.reflect.Method sGetScriptMethod -> a
    java.lang.reflect.Method sAddLikelySubtagsMethod -> b
    51:56:java.lang.String maximizeAndGetScript(java.util.Locale) -> a
    61:73:java.lang.String getScript(java.lang.String) -> a
    77:92:java.lang.String addLikelySubtags(java.util.Locale) -> b
    34:48:void <clinit>() -> <clinit>
android.support.v4.text.TextUtilsCompat -> android.support.v4.e.d:
    android.support.v4.text.TextUtilsCompat$TextUtilsCompatImpl IMPL -> b
    java.util.Locale ROOT -> a
    java.lang.String ARAB_SCRIPT_SUBTAG -> c
    java.lang.String HEBR_SCRIPT_SUBTAG -> d
    143:143:int getLayoutDirectionFromLocale(java.util.Locale) -> a
    26:26:java.lang.String access$000() -> a
    26:26:java.lang.String access$100() -> b
    114:149:void <clinit>() -> <clinit>
android.support.v4.text.TextUtilsCompat$1 -> android.support.v4.e.d$1:
android.support.v4.text.TextUtilsCompat$TextUtilsCompatImpl -> android.support.v4.e.d$a:
    27:27:void <init>() -> <init>
    63:72:int getLayoutDirectionFromLocale(java.util.Locale) -> a
    88:95:int getLayoutDirectionFromFirstChar(java.util.Locale) -> b
    27:27:void <init>(android.support.v4.text.TextUtilsCompat$1) -> <init>